<?xml version="1.0" encoding="UTF-8"?>
<robot generator="Robot 3.0.2 (PyPy 2.7.13 on win32)" generated="20200311 09:38:59.730">
<suite id="s1" name="Organization Info" source="E:\RobotFramework\RF_test\engines\web\Platform\Tests\Customer_Management\Organization_Info.robot">
<kw name="Start Platform with default user account" library="PlatformShare" type="setup">
<doc>Open and maximize browser with selected url</doc>
<kw name="Evaluate" library="BuiltIn">
<doc>Evaluates the given expression in Python and returns the results.</doc>
<arguments>
<arg>sys.modules['selenium.webdriver'].ChromeOptions()</arg>
<arg>sys, selenium.webdriver</arg>
</arguments>
<assign>
<var>${chrome options}</var>
</assign>
<msg timestamp="20200311 09:39:01.075" level="INFO">${chrome options} = &lt;selenium.webdriver.chrome.options.Options object at 0x0437a270&gt;</msg>
<status status="PASS" starttime="20200311 09:39:01.074" endtime="20200311 09:39:01.075"></status>
</kw>
<kw name="Evaluate" library="BuiltIn">
<doc>Evaluates the given expression in Python and returns the results.</doc>
<arguments>
<arg>selenium.webdriver.Proxy({'proxyType':selenium.webdriver.common.proxy.ProxyType.DIRECT})</arg>
<arg>modules=sys, selenium</arg>
</arguments>
<assign>
<var>${chrome noProxy}</var>
</assign>
<msg timestamp="20200311 09:39:01.077" level="INFO">${chrome noProxy} = &lt;selenium.webdriver.common.proxy.Proxy object at 0x0437a290&gt;</msg>
<status status="PASS" starttime="20200311 09:39:01.076" endtime="20200311 09:39:01.077"></status>
</kw>
<kw name="Call Method" library="BuiltIn">
<doc>Calls the named method of the given object with the provided arguments.</doc>
<arguments>
<arg>${chrome options}</arg>
<arg>add_argument</arg>
<arg>--lang\=en-US</arg>
</arguments>
<status status="PASS" starttime="20200311 09:39:01.078" endtime="20200311 09:39:01.085"></status>
</kw>
<kw name="Call Method" library="BuiltIn">
<doc>Calls the named method of the given object with the provided arguments.</doc>
<arguments>
<arg>${chrome options}</arg>
<arg>add_argument</arg>
<arg>--disable-single-click-autofill</arg>
</arguments>
<status status="PASS" starttime="20200311 09:39:01.085" endtime="20200311 09:39:01.086"></status>
</kw>
<kw name="Call Method" library="BuiltIn">
<doc>Calls the named method of the given object with the provided arguments.</doc>
<arguments>
<arg>${chrome options}</arg>
<arg>to_capabilities</arg>
</arguments>
<assign>
<var>${chrome options}</var>
</assign>
<msg timestamp="20200311 09:39:01.093" level="INFO">${chrome options} = {'browserName': 'chrome', 'version': '', 'platform': 'ANY', 'goog:chromeOptions': {'extensions': [], 'args': [u'--lang=en-US', u'--disable-single-click-autofill']}}</msg>
<status status="PASS" starttime="20200311 09:39:01.086" endtime="20200311 09:39:01.094"></status>
</kw>
<kw name="Call Method" library="BuiltIn">
<doc>Calls the named method of the given object with the provided arguments.</doc>
<arguments>
<arg>${chrome noProxy}</arg>
<arg>add_to_capabilities</arg>
<arg>${chrome options}</arg>
</arguments>
<status status="PASS" starttime="20200311 09:39:01.094" endtime="20200311 09:39:01.095"></status>
</kw>
<kw name="Create Webdriver" library="SeleniumLibrary">
<doc>Creates an instance of Selenium WebDriver.</doc>
<arguments>
<arg>Chrome</arg>
<arg>desired_capabilities=${chrome options}</arg>
</arguments>
<msg timestamp="20200311 09:39:01.096" level="INFO">Creating an instance of the Chrome WebDriver.</msg>
<status status="PASS" starttime="20200311 09:39:01.095" endtime="20200311 09:39:03.751"></status>
</kw>
<kw name="Maximize Browser Window" library="SeleniumLibrary">
<doc>Maximizes current browser window.</doc>
<status status="PASS" starttime="20200311 09:39:03.760" endtime="20200311 09:39:04.890"></status>
</kw>
<kw name="Go To" library="SeleniumLibrary">
<doc>Navigates the active browser instance to the provided ``url``.</doc>
<arguments>
<arg>${WEB_PLATFORM_URL}</arg>
</arguments>
<msg timestamp="20200311 09:39:04.891" level="INFO">Opening url 'http://demo.metering-cloud.com/test'</msg>
<status status="PASS" starttime="20200311 09:39:04.890" endtime="20200311 09:39:10.046"></status>
</kw>
<kw name="Sleep" library="BuiltIn">
<doc>Pauses the test executed for the given time.</doc>
<arguments>
<arg>2s</arg>
</arguments>
<msg timestamp="20200311 09:39:12.047" level="INFO">Slept 2 seconds</msg>
<status status="PASS" starttime="20200311 09:39:10.046" endtime="20200311 09:39:12.047"></status>
</kw>
<kw name="Log in" library="PlatformShare">
<doc>login platform by ginven a default account</doc>
<kw name="Insert Username" library="Platform_LoginPage">
<arguments>
<arg>${user}</arg>
</arguments>
<kw name="Input Text" library="SeleniumLibrary">
<doc>Types the given ``text`` into text field identified by ``locator``.</doc>
<arguments>
<arg>${WEB_PLATFORM_LP_USER_INPUTBOX}</arg>
<arg>${value}</arg>
</arguments>
<msg timestamp="20200311 09:39:12.050" level="INFO">Typing text 'admin' into text field 'id:account'.</msg>
<status status="PASS" starttime="20200311 09:39:12.050" endtime="20200311 09:39:15.491"></status>
</kw>
<status status="PASS" starttime="20200311 09:39:12.049" endtime="20200311 09:39:15.491"></status>
</kw>
<kw name="Insert Password" library="Platform_LoginPage">
<arguments>
<arg>${password}</arg>
</arguments>
<kw name="Input Password" library="SeleniumLibrary">
<doc>Types the given password into text field identified by ``locator``.</doc>
<arguments>
<arg>${WEB_PLATFORM_LP_PASSWORD_INPUTBOX}</arg>
<arg>${value}</arg>
</arguments>
<msg timestamp="20200311 09:39:15.495" level="INFO">Typing password into text field 'id:password'.</msg>
<status status="PASS" starttime="20200311 09:39:15.494" endtime="20200311 09:39:15.598"></status>
</kw>
<status status="PASS" starttime="20200311 09:39:15.492" endtime="20200311 09:39:15.599"></status>
</kw>
<kw name="Click login button" library="Platform_LoginPage">
<kw name="Click element when is enabled" library="WebShare">
<arguments>
<arg>${WEB_PLATFORM_LP_LOG_IN_BUTTON}</arg>
</arguments>
<kw name="Wait Until Keyword Succeeds" library="BuiltIn">
<doc>Runs the specified keyword and retries if it fails.</doc>
<arguments>
<arg>12</arg>
<arg>100ms</arg>
<arg>Wait until element is enabled</arg>
<arg>${locator}</arg>
</arguments>
<kw name="Wait Until Element Is Enabled" library="SeleniumLibrary">
<doc>Waits until element ``locator`` is enabled.</doc>
<arguments>
<arg>${locator}</arg>
</arguments>
<status status="PASS" starttime="20200311 09:39:15.603" endtime="20200311 09:39:15.626"></status>
</kw>
<status status="PASS" starttime="20200311 09:39:15.602" endtime="20200311 09:39:15.626"></status>
</kw>
<kw name="Wait Until Keyword Succeeds" library="BuiltIn">
<doc>Runs the specified keyword and retries if it fails.</doc>
<arguments>
<arg>12</arg>
<arg>100ms</arg>
<arg>Wait until element is visible</arg>
<arg>${locator}</arg>
</arguments>
<kw name="Wait Until Element Is Visible" library="SeleniumLibrary">
<doc>Waits until element ``locator`` is visible.</doc>
<arguments>
<arg>${locator}</arg>
</arguments>
<status status="PASS" starttime="20200311 09:39:15.628" endtime="20200311 09:39:15.648"></status>
</kw>
<status status="PASS" starttime="20200311 09:39:15.627" endtime="20200311 09:39:15.648"></status>
</kw>
<kw name="Wait Until Keyword Succeeds" library="BuiltIn">
<doc>Runs the specified keyword and retries if it fails.</doc>
<arguments>
<arg>20</arg>
<arg>300ms</arg>
<arg>click element</arg>
<arg>${locator}</arg>
</arguments>
<kw name="Click Element" library="SeleniumLibrary">
<doc>Click element identified by ``locator``.</doc>
<arguments>
<arg>${locator}</arg>
</arguments>
<msg timestamp="20200311 09:39:15.650" level="INFO">Clicking element 'id:login'.</msg>
<status status="PASS" starttime="20200311 09:39:15.650" endtime="20200311 09:39:15.690"></status>
</kw>
<status status="PASS" starttime="20200311 09:39:15.648" endtime="20200311 09:39:15.691"></status>
</kw>
<status status="PASS" starttime="20200311 09:39:15.601" endtime="20200311 09:39:15.691"></status>
</kw>
<kw name="wait for loading page" library="Platform_Common">
<doc>Wait for dissapearing all loading page icons</doc>
<kw name="Sleep" library="BuiltIn">
<doc>Pauses the test executed for the given time.</doc>
<arguments>
<arg>20ms</arg>
<arg>reason=wait for load loading indicator</arg>
</arguments>
<msg timestamp="20200311 09:39:15.713" level="INFO">Slept 20 milliseconds</msg>
<msg timestamp="20200311 09:39:15.714" level="INFO">wait for load loading indicator</msg>
<status status="PASS" starttime="20200311 09:39:15.693" endtime="20200311 09:39:15.714"></status>
</kw>
<kw name="Run Keyword And Ignore Error" library="BuiltIn">
<doc>Runs the given keyword with the given arguments and ignores possible error.</doc>
<arguments>
<arg>Wait Until Keyword Succeeds</arg>
<arg>${WEB_PLATFORM_SELENIUM_TIMEOUT}</arg>
<arg>20 ms</arg>
<arg>Page Should Not Contain element</arg>
<arg>${WEB_PLATFORM_LOADING_PAGE_ICON}</arg>
<arg>loglevel=NONE</arg>
</arguments>
<kw name="Wait Until Keyword Succeeds" library="BuiltIn">
<doc>Runs the specified keyword and retries if it fails.</doc>
<arguments>
<arg>${WEB_PLATFORM_SELENIUM_TIMEOUT}</arg>
<arg>20 ms</arg>
<arg>Page Should Not Contain element</arg>
<arg>${WEB_PLATFORM_LOADING_PAGE_ICON}</arg>
<arg>loglevel=NONE</arg>
</arguments>
<kw name="Page Should Not Contain Element" library="SeleniumLibrary">
<doc>Verifies that element ``locator`` is found on the current page.</doc>
<arguments>
<arg>${WEB_PLATFORM_LOADING_PAGE_ICON}</arg>
<arg>loglevel=NONE</arg>
</arguments>
<msg timestamp="20200311 09:39:15.732" level="INFO">Current page does not contain element '//img[@id="organizationLoader"]'.</msg>
<status status="PASS" starttime="20200311 09:39:15.717" endtime="20200311 09:39:15.732"></status>
</kw>
<status status="PASS" starttime="20200311 09:39:15.716" endtime="20200311 09:39:15.732"></status>
</kw>
<status status="PASS" starttime="20200311 09:39:15.715" endtime="20200311 09:39:15.732"></status>
</kw>
<status status="PASS" starttime="20200311 09:39:15.692" endtime="20200311 09:39:15.733"></status>
</kw>
<kw name="Wait Until Keyword Succeeds" library="BuiltIn">
<doc>Runs the specified keyword and retries if it fails.</doc>
<arguments>
<arg>10</arg>
<arg>1s</arg>
<arg>Page Should Not Contain Element</arg>
<arg>${WEB_PLATFORM_LP_LOG_IN_BUTTON}</arg>
</arguments>
<kw name="Page Should Not Contain Element" library="SeleniumLibrary">
<doc>Verifies that element ``locator`` is found on the current page.</doc>
<arguments>
<arg>${WEB_PLATFORM_LP_LOG_IN_BUTTON}</arg>
</arguments>
<msg timestamp="20200311 09:39:15.754" level="FAIL">Page should not have contained element 'id:login'.</msg>
<status status="FAIL" starttime="20200311 09:39:15.734" endtime="20200311 09:39:15.754"></status>
</kw>
<kw name="Page Should Not Contain Element" library="SeleniumLibrary">
<doc>Verifies that element ``locator`` is found on the current page.</doc>
<arguments>
<arg>${WEB_PLATFORM_LP_LOG_IN_BUTTON}</arg>
</arguments>
<msg timestamp="20200311 09:39:27.116" level="INFO">Current page does not contain element 'id:login'.</msg>
<status status="PASS" starttime="20200311 09:39:16.755" endtime="20200311 09:39:27.116"></status>
</kw>
<status status="PASS" starttime="20200311 09:39:15.733" endtime="20200311 09:39:27.116"></status>
</kw>
<status status="PASS" starttime="20200311 09:39:15.600" endtime="20200311 09:39:27.117"></status>
</kw>
<status status="PASS" starttime="20200311 09:39:12.048" endtime="20200311 09:39:27.117"></status>
</kw>
<status status="PASS" starttime="20200311 09:39:01.073" endtime="20200311 09:39:27.117"></status>
</kw>
<test id="s1-t1" name="IP-xxx : Add organization">
<kw name="Given User is in organization info page">
<kw name="Sleep" library="BuiltIn">
<doc>Pauses the test executed for the given time.</doc>
<arguments>
<arg>2s</arg>
</arguments>
<msg timestamp="20200311 09:39:29.122" level="INFO">Slept 2 seconds</msg>
<status status="PASS" starttime="20200311 09:39:27.121" endtime="20200311 09:39:29.127"></status>
</kw>
<kw name="Get into organization page" library="Platform_TopMenu">
<kw name="Click or use url" library="Platform_TopMenu">
<arguments>
<arg>organization</arg>
</arguments>
<kw name="Go To" library="SeleniumLibrary">
<doc>Navigates the active browser instance to the provided ``url``.</doc>
<arguments>
<arg>${WEB_PLATFORM_URL}/index.html#/${url_end}</arg>
</arguments>
<msg timestamp="20200311 09:39:29.140" level="INFO">Opening url 'http://demo.metering-cloud.com/test/index.html#/organization'</msg>
<status status="PASS" starttime="20200311 09:39:29.137" endtime="20200311 09:39:29.264"></status>
</kw>
<status status="PASS" starttime="20200311 09:39:29.134" endtime="20200311 09:39:29.264"></status>
</kw>
<status status="PASS" starttime="20200311 09:39:29.130" endtime="20200311 09:39:29.265"></status>
</kw>
<status status="PASS" starttime="20200311 09:39:27.120" endtime="20200311 09:39:29.265"></status>
</kw>
<kw name="When Add organization">
<kw name="wait for loading page" library="Platform_Common">
<doc>Wait for dissapearing all loading page icons</doc>
<kw name="Sleep" library="BuiltIn">
<doc>Pauses the test executed for the given time.</doc>
<arguments>
<arg>20ms</arg>
<arg>reason=wait for load loading indicator</arg>
</arguments>
<msg timestamp="20200311 09:39:29.292" level="INFO">Slept 20 milliseconds</msg>
<msg timestamp="20200311 09:39:29.292" level="INFO">wait for load loading indicator</msg>
<status status="PASS" starttime="20200311 09:39:29.270" endtime="20200311 09:39:29.292"></status>
</kw>
<kw name="Run Keyword And Ignore Error" library="BuiltIn">
<doc>Runs the given keyword with the given arguments and ignores possible error.</doc>
<arguments>
<arg>Wait Until Keyword Succeeds</arg>
<arg>${WEB_PLATFORM_SELENIUM_TIMEOUT}</arg>
<arg>20 ms</arg>
<arg>Page Should Not Contain element</arg>
<arg>${WEB_PLATFORM_LOADING_PAGE_ICON}</arg>
<arg>loglevel=NONE</arg>
</arguments>
<kw name="Wait Until Keyword Succeeds" library="BuiltIn">
<doc>Runs the specified keyword and retries if it fails.</doc>
<arguments>
<arg>${WEB_PLATFORM_SELENIUM_TIMEOUT}</arg>
<arg>20 ms</arg>
<arg>Page Should Not Contain element</arg>
<arg>${WEB_PLATFORM_LOADING_PAGE_ICON}</arg>
<arg>loglevel=NONE</arg>
</arguments>
<kw name="Page Should Not Contain Element" library="SeleniumLibrary">
<doc>Verifies that element ``locator`` is found on the current page.</doc>
<arguments>
<arg>${WEB_PLATFORM_LOADING_PAGE_ICON}</arg>
<arg>loglevel=NONE</arg>
</arguments>
<msg timestamp="20200311 09:39:29.814" level="FAIL">Page should not have contained element '//img[@id="organizationLoader"]'.</msg>
<status status="FAIL" starttime="20200311 09:39:29.295" endtime="20200311 09:39:29.814"></status>
</kw>
<kw name="Page Should Not Contain Element" library="SeleniumLibrary">
<doc>Verifies that element ``locator`` is found on the current page.</doc>
<arguments>
<arg>${WEB_PLATFORM_LOADING_PAGE_ICON}</arg>
<arg>loglevel=NONE</arg>
</arguments>
<msg timestamp="20200311 09:39:29.963" level="FAIL">Page should not have contained element '//img[@id="organizationLoader"]'.</msg>
<status status="FAIL" starttime="20200311 09:39:29.834" endtime="20200311 09:39:29.963"></status>
</kw>
<kw name="Page Should Not Contain Element" library="SeleniumLibrary">
<doc>Verifies that element ``locator`` is found on the current page.</doc>
<arguments>
<arg>${WEB_PLATFORM_LOADING_PAGE_ICON}</arg>
<arg>loglevel=NONE</arg>
</arguments>
<msg timestamp="20200311 09:39:30.095" level="FAIL">Page should not have contained element '//img[@id="organizationLoader"]'.</msg>
<status status="FAIL" starttime="20200311 09:39:29.983" endtime="20200311 09:39:30.095"></status>
</kw>
<kw name="Page Should Not Contain Element" library="SeleniumLibrary">
<doc>Verifies that element ``locator`` is found on the current page.</doc>
<arguments>
<arg>${WEB_PLATFORM_LOADING_PAGE_ICON}</arg>
<arg>loglevel=NONE</arg>
</arguments>
<msg timestamp="20200311 09:39:30.253" level="FAIL">Page should not have contained element '//img[@id="organizationLoader"]'.</msg>
<status status="FAIL" starttime="20200311 09:39:30.115" endtime="20200311 09:39:30.254"></status>
</kw>
<kw name="Page Should Not Contain Element" library="SeleniumLibrary">
<doc>Verifies that element ``locator`` is found on the current page.</doc>
<arguments>
<arg>${WEB_PLATFORM_LOADING_PAGE_ICON}</arg>
<arg>loglevel=NONE</arg>
</arguments>
<msg timestamp="20200311 09:39:30.406" level="FAIL">Page should not have contained element '//img[@id="organizationLoader"]'.</msg>
<status status="FAIL" starttime="20200311 09:39:30.274" endtime="20200311 09:39:30.407"></status>
</kw>
<kw name="Page Should Not Contain Element" library="SeleniumLibrary">
<doc>Verifies that element ``locator`` is found on the current page.</doc>
<arguments>
<arg>${WEB_PLATFORM_LOADING_PAGE_ICON}</arg>
<arg>loglevel=NONE</arg>
</arguments>
<msg timestamp="20200311 09:39:30.552" level="FAIL">Page should not have contained element '//img[@id="organizationLoader"]'.</msg>
<status status="FAIL" starttime="20200311 09:39:30.427" endtime="20200311 09:39:30.553"></status>
</kw>
<kw name="Page Should Not Contain Element" library="SeleniumLibrary">
<doc>Verifies that element ``locator`` is found on the current page.</doc>
<arguments>
<arg>${WEB_PLATFORM_LOADING_PAGE_ICON}</arg>
<arg>loglevel=NONE</arg>
</arguments>
<msg timestamp="20200311 09:39:30.679" level="FAIL">Page should not have contained element '//img[@id="organizationLoader"]'.</msg>
<status status="FAIL" starttime="20200311 09:39:30.573" endtime="20200311 09:39:30.680"></status>
</kw>
<kw name="Page Should Not Contain Element" library="SeleniumLibrary">
<doc>Verifies that element ``locator`` is found on the current page.</doc>
<arguments>
<arg>${WEB_PLATFORM_LOADING_PAGE_ICON}</arg>
<arg>loglevel=NONE</arg>
</arguments>
<msg timestamp="20200311 09:39:30.878" level="FAIL">Page should not have contained element '//img[@id="organizationLoader"]'.</msg>
<status status="FAIL" starttime="20200311 09:39:30.700" endtime="20200311 09:39:30.879"></status>
</kw>
<kw name="Page Should Not Contain Element" library="SeleniumLibrary">
<doc>Verifies that element ``locator`` is found on the current page.</doc>
<arguments>
<arg>${WEB_PLATFORM_LOADING_PAGE_ICON}</arg>
<arg>loglevel=NONE</arg>
</arguments>
<msg timestamp="20200311 09:39:31.036" level="FAIL">Page should not have contained element '//img[@id="organizationLoader"]'.</msg>
<status status="FAIL" starttime="20200311 09:39:30.899" endtime="20200311 09:39:31.036"></status>
</kw>
<kw name="Page Should Not Contain Element" library="SeleniumLibrary">
<doc>Verifies that element ``locator`` is found on the current page.</doc>
<arguments>
<arg>${WEB_PLATFORM_LOADING_PAGE_ICON}</arg>
<arg>loglevel=NONE</arg>
</arguments>
<msg timestamp="20200311 09:39:31.184" level="FAIL">Page should not have contained element '//img[@id="organizationLoader"]'.</msg>
<status status="FAIL" starttime="20200311 09:39:31.056" endtime="20200311 09:39:31.185"></status>
</kw>
<kw name="Page Should Not Contain Element" library="SeleniumLibrary">
<doc>Verifies that element ``locator`` is found on the current page.</doc>
<arguments>
<arg>${WEB_PLATFORM_LOADING_PAGE_ICON}</arg>
<arg>loglevel=NONE</arg>
</arguments>
<msg timestamp="20200311 09:39:31.308" level="FAIL">Page should not have contained element '//img[@id="organizationLoader"]'.</msg>
<status status="FAIL" starttime="20200311 09:39:31.205" endtime="20200311 09:39:31.308"></status>
</kw>
<kw name="Page Should Not Contain Element" library="SeleniumLibrary">
<doc>Verifies that element ``locator`` is found on the current page.</doc>
<arguments>
<arg>${WEB_PLATFORM_LOADING_PAGE_ICON}</arg>
<arg>loglevel=NONE</arg>
</arguments>
<msg timestamp="20200311 09:39:31.454" level="FAIL">Page should not have contained element '//img[@id="organizationLoader"]'.</msg>
<status status="FAIL" starttime="20200311 09:39:31.328" endtime="20200311 09:39:31.454"></status>
</kw>
<kw name="Page Should Not Contain Element" library="SeleniumLibrary">
<doc>Verifies that element ``locator`` is found on the current page.</doc>
<arguments>
<arg>${WEB_PLATFORM_LOADING_PAGE_ICON}</arg>
<arg>loglevel=NONE</arg>
</arguments>
<msg timestamp="20200311 09:39:31.603" level="FAIL">Page should not have contained element '//img[@id="organizationLoader"]'.</msg>
<status status="FAIL" starttime="20200311 09:39:31.474" endtime="20200311 09:39:31.603"></status>
</kw>
<kw name="Page Should Not Contain Element" library="SeleniumLibrary">
<doc>Verifies that element ``locator`` is found on the current page.</doc>
<arguments>
<arg>${WEB_PLATFORM_LOADING_PAGE_ICON}</arg>
<arg>loglevel=NONE</arg>
</arguments>
<msg timestamp="20200311 09:39:31.755" level="FAIL">Page should not have contained element '//img[@id="organizationLoader"]'.</msg>
<status status="FAIL" starttime="20200311 09:39:31.623" endtime="20200311 09:39:31.756"></status>
</kw>
<kw name="Page Should Not Contain Element" library="SeleniumLibrary">
<doc>Verifies that element ``locator`` is found on the current page.</doc>
<arguments>
<arg>${WEB_PLATFORM_LOADING_PAGE_ICON}</arg>
<arg>loglevel=NONE</arg>
</arguments>
<msg timestamp="20200311 09:39:31.931" level="FAIL">Page should not have contained element '//img[@id="organizationLoader"]'.</msg>
<status status="FAIL" starttime="20200311 09:39:31.776" endtime="20200311 09:39:31.931"></status>
</kw>
<kw name="Page Should Not Contain Element" library="SeleniumLibrary">
<doc>Verifies that element ``locator`` is found on the current page.</doc>
<arguments>
<arg>${WEB_PLATFORM_LOADING_PAGE_ICON}</arg>
<arg>loglevel=NONE</arg>
</arguments>
<msg timestamp="20200311 09:39:32.058" level="FAIL">Page should not have contained element '//img[@id="organizationLoader"]'.</msg>
<status status="FAIL" starttime="20200311 09:39:31.951" endtime="20200311 09:39:32.058"></status>
</kw>
<kw name="Page Should Not Contain Element" library="SeleniumLibrary">
<doc>Verifies that element ``locator`` is found on the current page.</doc>
<arguments>
<arg>${WEB_PLATFORM_LOADING_PAGE_ICON}</arg>
<arg>loglevel=NONE</arg>
</arguments>
<msg timestamp="20200311 09:39:32.202" level="FAIL">Page should not have contained element '//img[@id="organizationLoader"]'.</msg>
<status status="FAIL" starttime="20200311 09:39:32.078" endtime="20200311 09:39:32.203"></status>
</kw>
<kw name="Page Should Not Contain Element" library="SeleniumLibrary">
<doc>Verifies that element ``locator`` is found on the current page.</doc>
<arguments>
<arg>${WEB_PLATFORM_LOADING_PAGE_ICON}</arg>
<arg>loglevel=NONE</arg>
</arguments>
<msg timestamp="20200311 09:39:32.366" level="FAIL">Page should not have contained element '//img[@id="organizationLoader"]'.</msg>
<status status="FAIL" starttime="20200311 09:39:32.223" endtime="20200311 09:39:32.366"></status>
</kw>
<msg timestamp="20200311 09:39:32.366" level="FAIL">Keyword 'Page Should Not Contain element' failed after retrying for 3 seconds. The last error was: Page should not have contained element '//img[@id="organizationLoader"]'.</msg>
<status status="FAIL" starttime="20200311 09:39:29.293" endtime="20200311 09:39:32.367"></status>
</kw>
<status status="PASS" starttime="20200311 09:39:29.292" endtime="20200311 09:39:32.367"></status>
</kw>
<status status="PASS" starttime="20200311 09:39:29.268" endtime="20200311 09:39:32.367"></status>
</kw>
<kw name="Click bottom button add" library="Platform_OrganizationPage">
<kw name="Get bottom button" library="Platform_Common">
<arguments>
<arg>organizationPager_left</arg>
<arg>添加</arg>
</arguments>
<assign>
<var>${add_button_ele}</var>
</assign>
<msg timestamp="20200311 09:39:32.369" level="INFO">${add_button_ele} = //td[@id="organizationPager_left"]/table/tbody/tr/td[@title="添加"]</msg>
<status status="PASS" starttime="20200311 09:39:32.368" endtime="20200311 09:39:32.370"></status>
</kw>
<kw name="Click element when is enabled" library="WebShare">
<arguments>
<arg>${add_button_ele}</arg>
</arguments>
<kw name="Wait Until Keyword Succeeds" library="BuiltIn">
<doc>Runs the specified keyword and retries if it fails.</doc>
<arguments>
<arg>12</arg>
<arg>100ms</arg>
<arg>Wait until element is enabled</arg>
<arg>${locator}</arg>
</arguments>
<kw name="Wait Until Element Is Enabled" library="SeleniumLibrary">
<doc>Waits until element ``locator`` is enabled.</doc>
<arguments>
<arg>${locator}</arg>
</arguments>
<status status="PASS" starttime="20200311 09:39:32.372" endtime="20200311 09:39:32.398"></status>
</kw>
<status status="PASS" starttime="20200311 09:39:32.371" endtime="20200311 09:39:32.399"></status>
</kw>
<kw name="Wait Until Keyword Succeeds" library="BuiltIn">
<doc>Runs the specified keyword and retries if it fails.</doc>
<arguments>
<arg>12</arg>
<arg>100ms</arg>
<arg>Wait until element is visible</arg>
<arg>${locator}</arg>
</arguments>
<kw name="Wait Until Element Is Visible" library="SeleniumLibrary">
<doc>Waits until element ``locator`` is visible.</doc>
<arguments>
<arg>${locator}</arg>
</arguments>
<status status="PASS" starttime="20200311 09:39:32.400" endtime="20200311 09:39:32.421"></status>
</kw>
<status status="PASS" starttime="20200311 09:39:32.399" endtime="20200311 09:39:32.421"></status>
</kw>
<kw name="Wait Until Keyword Succeeds" library="BuiltIn">
<doc>Runs the specified keyword and retries if it fails.</doc>
<arguments>
<arg>20</arg>
<arg>300ms</arg>
<arg>click element</arg>
<arg>${locator}</arg>
</arguments>
<kw name="Click Element" library="SeleniumLibrary">
<doc>Click element identified by ``locator``.</doc>
<arguments>
<arg>${locator}</arg>
</arguments>
<msg timestamp="20200311 09:39:32.423" level="INFO">Clicking element '//td[@id="organizationPager_left"]/table/tbody/tr/td[@title="添加"]'.</msg>
<status status="PASS" starttime="20200311 09:39:32.422" endtime="20200311 09:39:32.501"></status>
</kw>
<status status="PASS" starttime="20200311 09:39:32.422" endtime="20200311 09:39:32.502"></status>
</kw>
<status status="PASS" starttime="20200311 09:39:32.370" endtime="20200311 09:39:32.502"></status>
</kw>
<kw name="Sleep" library="BuiltIn">
<doc>Pauses the test executed for the given time.</doc>
<arguments>
<arg>2s</arg>
</arguments>
<msg timestamp="20200311 09:39:34.505" level="INFO">Slept 2 seconds</msg>
<status status="PASS" starttime="20200311 09:39:32.503" endtime="20200311 09:39:34.505"></status>
</kw>
<status status="PASS" starttime="20200311 09:39:32.368" endtime="20200311 09:39:34.506"></status>
</kw>
<kw name="Set org_name" library="Platform_OrganizationPage">
<arguments>
<arg>${org_name}</arg>
</arguments>
<kw name="Input Text" library="SeleniumLibrary">
<doc>Types the given ``text`` into text field identified by ``locator``.</doc>
<arguments>
<arg>${WEB_PLATFORM_ORG_NAME}</arg>
<arg>${org_name}</arg>
</arguments>
<msg timestamp="20200311 09:39:34.510" level="INFO">Typing text 'zd001' into text field 'id:orgName'.</msg>
<status status="PASS" starttime="20200311 09:39:34.508" endtime="20200311 09:39:34.695"></status>
</kw>
<status status="PASS" starttime="20200311 09:39:34.506" endtime="20200311 09:39:34.695"></status>
</kw>
<kw name="Set org_ramark" library="Platform_OrganizationPage">
<arguments>
<arg>1352624</arg>
</arguments>
<kw name="Input Text" library="SeleniumLibrary">
<doc>Types the given ``text`` into text field identified by ``locator``.</doc>
<arguments>
<arg>${WEB_PLATFORM_ORG_ramark}</arg>
<arg>${org_ramark}</arg>
</arguments>
<msg timestamp="20200311 09:39:34.697" level="INFO">Typing text '1352624' into text field 'class:inputremark'.</msg>
<status status="PASS" starttime="20200311 09:39:34.696" endtime="20200311 09:39:34.824"></status>
</kw>
<status status="PASS" starttime="20200311 09:39:34.695" endtime="20200311 09:39:34.824"></status>
</kw>
<kw name="click element button neat" library="Platform_OrganizationPage">
<kw name="Click element when is enabled" library="WebShare">
<arguments>
<arg>${web_PLATFORM_CUSTOMER_NEATBUTTON}</arg>
</arguments>
<kw name="Wait Until Keyword Succeeds" library="BuiltIn">
<doc>Runs the specified keyword and retries if it fails.</doc>
<arguments>
<arg>12</arg>
<arg>100ms</arg>
<arg>Wait until element is enabled</arg>
<arg>${locator}</arg>
</arguments>
<kw name="Wait Until Element Is Enabled" library="SeleniumLibrary">
<doc>Waits until element ``locator`` is enabled.</doc>
<arguments>
<arg>${locator}</arg>
</arguments>
<status status="PASS" starttime="20200311 09:39:34.827" endtime="20200311 09:39:34.852"></status>
</kw>
<status status="PASS" starttime="20200311 09:39:34.826" endtime="20200311 09:39:34.852"></status>
</kw>
<kw name="Wait Until Keyword Succeeds" library="BuiltIn">
<doc>Runs the specified keyword and retries if it fails.</doc>
<arguments>
<arg>12</arg>
<arg>100ms</arg>
<arg>Wait until element is visible</arg>
<arg>${locator}</arg>
</arguments>
<kw name="Wait Until Element Is Visible" library="SeleniumLibrary">
<doc>Waits until element ``locator`` is visible.</doc>
<arguments>
<arg>${locator}</arg>
</arguments>
<status status="PASS" starttime="20200311 09:39:34.853" endtime="20200311 09:39:34.870"></status>
</kw>
<status status="PASS" starttime="20200311 09:39:34.852" endtime="20200311 09:39:34.870"></status>
</kw>
<kw name="Wait Until Keyword Succeeds" library="BuiltIn">
<doc>Runs the specified keyword and retries if it fails.</doc>
<arguments>
<arg>20</arg>
<arg>300ms</arg>
<arg>click element</arg>
<arg>${locator}</arg>
</arguments>
<kw name="Click Element" library="SeleniumLibrary">
<doc>Click element identified by ``locator``.</doc>
<arguments>
<arg>${locator}</arg>
</arguments>
<msg timestamp="20200311 09:39:34.872" level="INFO">Clicking element 'id:button_next_step'.</msg>
<status status="PASS" starttime="20200311 09:39:34.872" endtime="20200311 09:39:34.985"></status>
</kw>
<status status="PASS" starttime="20200311 09:39:34.871" endtime="20200311 09:39:34.985"></status>
</kw>
<status status="PASS" starttime="20200311 09:39:34.825" endtime="20200311 09:39:34.986"></status>
</kw>
<kw name="Sleep" library="BuiltIn">
<doc>Pauses the test executed for the given time.</doc>
<arguments>
<arg>2s</arg>
</arguments>
<msg timestamp="20200311 09:39:36.988" level="INFO">Slept 2 seconds</msg>
<status status="PASS" starttime="20200311 09:39:34.988" endtime="20200311 09:39:36.989"></status>
</kw>
<status status="PASS" starttime="20200311 09:39:34.825" endtime="20200311 09:39:36.989"></status>
</kw>
<kw name="Set cus_info" library="Platform_Common">
<arguments>
<arg>@{list}[0]</arg>
<arg>@{list}[1]</arg>
<arg>@{list}[2]</arg>
<arg>@{list}[3]</arg>
<arg>@{list}[4]</arg>
<arg>@{list}[5]</arg>
<arg>@{list}[6]</arg>
<arg>@{list}[7]</arg>
<arg>@{list}[8]</arg>
<arg>@{list}[9]</arg>
<arg>@{list}[10]</arg>
</arguments>
<kw name="Set cus_num" library="Platform_Common">
<arguments>
<arg>${cus_num}</arg>
</arguments>
<kw name="Input Text" library="SeleniumLibrary">
<doc>Types the given ``text`` into text field identified by ``locator``.</doc>
<arguments>
<arg>${web_PLATFORM_CUSTOMER_NUMBER}</arg>
<arg>${cusNum}</arg>
</arguments>
<msg timestamp="20200311 09:39:37.001" level="INFO">Typing text 'kh002' into text field 'id:cusNum'.</msg>
<status status="PASS" starttime="20200311 09:39:37.000" endtime="20200311 09:39:37.185"></status>
</kw>
<status status="PASS" starttime="20200311 09:39:36.995" endtime="20200311 09:39:37.185"></status>
</kw>
<kw name="Set cus_name" library="Platform_Common">
<arguments>
<arg>${cus_name}</arg>
</arguments>
<kw name="Input Text" library="SeleniumLibrary">
<doc>Types the given ``text`` into text field identified by ``locator``.</doc>
<arguments>
<arg>${web_PLATFORM_CUSTOMER_NAME}</arg>
<arg>${cusName}</arg>
</arguments>
<msg timestamp="20200311 09:39:37.187" level="INFO">Typing text '001客户' into text field 'id:cusName'.</msg>
<status status="PASS" starttime="20200311 09:39:37.186" endtime="20200311 09:39:37.343"></status>
</kw>
<status status="PASS" starttime="20200311 09:39:37.186" endtime="20200311 09:39:37.345"></status>
</kw>
<kw name="Set cus_cuNature" library="Platform_Common">
<arguments>
<arg>${cus_cuNature}</arg>
</arguments>
<kw name="Select From List By Index" library="SeleniumLibrary">
<doc>Selects options from selection list ``locator`` by ``indexes``.</doc>
<arguments>
<arg>${web_PLATFORM_CUSTOMER_CUNATURE}</arg>
<arg>${cuNature}</arg>
</arguments>
<msg timestamp="20200311 09:39:37.347" level="INFO">Selecting options from selection list 'id:cuNature' by index 1.</msg>
<status status="PASS" starttime="20200311 09:39:37.346" endtime="20200311 09:39:37.462"></status>
</kw>
<status status="PASS" starttime="20200311 09:39:37.345" endtime="20200311 09:39:37.462"></status>
</kw>
<kw name="Set cus_serviceStatus" library="Platform_Common">
<arguments>
<arg>${cus_serviceStatus}</arg>
</arguments>
<kw name="Select From List By Index" library="SeleniumLibrary">
<doc>Selects options from selection list ``locator`` by ``indexes``.</doc>
<arguments>
<arg>${web_PLATFORM_CUSTOMER_SERVICESTATUS}</arg>
<arg>${serviceStatus}</arg>
</arguments>
<msg timestamp="20200311 09:39:37.464" level="INFO">Selecting options from selection list 'id:serviceStatus' by index 2.</msg>
<status status="PASS" starttime="20200311 09:39:37.463" endtime="20200311 09:39:37.590"></status>
</kw>
<status status="PASS" starttime="20200311 09:39:37.462" endtime="20200311 09:39:37.590"></status>
</kw>
<kw name="Set cus_correctionFactor" library="Platform_Common">
<arguments>
<arg>${cus_correctionfactor}</arg>
</arguments>
<kw name="Input Text" library="SeleniumLibrary">
<doc>Types the given ``text`` into text field identified by ``locator``.</doc>
<arguments>
<arg>${web_PLATFORM_CUSTOMER_CORRECTIONFACTOR}</arg>
<arg>${correctionFactor}</arg>
</arguments>
<msg timestamp="20200311 09:39:37.592" level="INFO">Typing text '2.6' into text field 'id:correctionFactor'.</msg>
<status status="PASS" starttime="20200311 09:39:37.591" endtime="20200311 09:39:37.729"></status>
</kw>
<status status="PASS" starttime="20200311 09:39:37.591" endtime="20200311 09:39:37.729"></status>
</kw>
<kw name="Set cus_floorSpace" library="Platform_Common">
<arguments>
<arg>${cus_floorSpace}</arg>
</arguments>
<kw name="Input Text" library="SeleniumLibrary">
<doc>Types the given ``text`` into text field identified by ``locator``.</doc>
<arguments>
<arg>${web_PLATFORM_CUSTOMER_FLOORSPACE}</arg>
<arg>${floorSpace}</arg>
</arguments>
<msg timestamp="20200311 09:39:37.732" level="INFO">Typing text '450' into text field 'id:floorSpace'.</msg>
<status status="PASS" starttime="20200311 09:39:37.731" endtime="20200311 09:39:37.871"></status>
</kw>
<status status="PASS" starttime="20200311 09:39:37.730" endtime="20200311 09:39:37.872"></status>
</kw>
<kw name="Set cus_serviceFloorArea" library="Platform_Common">
<arguments>
<arg>${cus_serviceFloorArea}</arg>
</arguments>
<kw name="Input Text" library="SeleniumLibrary">
<doc>Types the given ``text`` into text field identified by ``locator``.</doc>
<arguments>
<arg>${web_PLATFORM_CUSTOMER_SERVICEFLOORAREA}</arg>
<arg>${serviceFloorArea}</arg>
</arguments>
<msg timestamp="20200311 09:39:37.874" level="INFO">Typing text '210' into text field 'id:serviceFloorArea'.</msg>
<status status="PASS" starttime="20200311 09:39:37.873" endtime="20200311 09:39:37.996"></status>
</kw>
<status status="PASS" starttime="20200311 09:39:37.872" endtime="20200311 09:39:37.996"></status>
</kw>
<kw name="Set cus_population" library="Platform_Common">
<arguments>
<arg>${cus_population}</arg>
</arguments>
<kw name="Input Text" library="SeleniumLibrary">
<doc>Types the given ``text`` into text field identified by ``locator``.</doc>
<arguments>
<arg>${web_PLATFORM_CUSTOMER_POPULATION}</arg>
<arg>${population}</arg>
</arguments>
<msg timestamp="20200311 09:39:38.001" level="INFO">Typing text '5' into text field 'id:population'.</msg>
<status status="PASS" starttime="20200311 09:39:38.001" endtime="20200311 09:39:38.079"></status>
</kw>
<status status="PASS" starttime="20200311 09:39:37.997" endtime="20200311 09:39:38.080"></status>
</kw>
<kw name="Set cus_tel" library="Platform_Common">
<arguments>
<arg>${cus_tel}</arg>
</arguments>
<kw name="Input Text" library="SeleniumLibrary">
<doc>Types the given ``text`` into text field identified by ``locator``.</doc>
<arguments>
<arg>${web_PLATFORM_CUSTOMER_TEL}</arg>
<arg>${tel}</arg>
</arguments>
<msg timestamp="20200311 09:39:38.082" level="INFO">Typing text '15165021524' into text field 'id:tel'.</msg>
<status status="PASS" starttime="20200311 09:39:38.081" endtime="20200311 09:39:38.352"></status>
</kw>
<status status="PASS" starttime="20200311 09:39:38.080" endtime="20200311 09:39:38.353"></status>
</kw>
<kw name="Set cus_email" library="Platform_Common">
<arguments>
<arg>${cus_email}</arg>
</arguments>
<kw name="Input Text" library="SeleniumLibrary">
<doc>Types the given ``text`` into text field identified by ``locator``.</doc>
<arguments>
<arg>${web_PLATFORM_CUSTOMER_EMAIL}</arg>
<arg>${email}</arg>
</arguments>
<msg timestamp="20200311 09:39:38.354" level="INFO">Typing text '15241@125.com' into text field 'id:email'.</msg>
<status status="PASS" starttime="20200311 09:39:38.354" endtime="20200311 09:39:38.708"></status>
</kw>
<status status="PASS" starttime="20200311 09:39:38.353" endtime="20200311 09:39:38.709"></status>
</kw>
<kw name="Set cus_remark" library="Platform_Common">
<arguments>
<arg>${cus_remark}</arg>
</arguments>
<kw name="Input Text" library="SeleniumLibrary">
<doc>Types the given ``text`` into text field identified by ``locator``.</doc>
<arguments>
<arg>${web_PLATFORM_CUSTOMER_REMARK}</arg>
<arg>${remark}</arg>
</arguments>
<msg timestamp="20200311 09:39:38.713" level="INFO">Typing text 'test' into text field 'id:remark'.</msg>
<status status="PASS" starttime="20200311 09:39:38.712" endtime="20200311 09:39:38.844"></status>
</kw>
<status status="PASS" starttime="20200311 09:39:38.709" endtime="20200311 09:39:38.844"></status>
</kw>
<kw name="Sleep" library="BuiltIn">
<doc>Pauses the test executed for the given time.</doc>
<arguments>
<arg>2s</arg>
</arguments>
<msg timestamp="20200311 09:39:40.846" level="INFO">Slept 2 seconds</msg>
<status status="PASS" starttime="20200311 09:39:38.845" endtime="20200311 09:39:40.847"></status>
</kw>
<status status="PASS" starttime="20200311 09:39:36.991" endtime="20200311 09:39:40.847"></status>
</kw>
<kw name="Click button orgComplete" library="Platform_OrganizationPage">
<kw name="Click element when is enabled" library="WebShare">
<arguments>
<arg>${web_PLATFORM_CUSTOMER_ORGCOMPLETE}</arg>
</arguments>
<kw name="Wait Until Keyword Succeeds" library="BuiltIn">
<doc>Runs the specified keyword and retries if it fails.</doc>
<arguments>
<arg>12</arg>
<arg>100ms</arg>
<arg>Wait until element is enabled</arg>
<arg>${locator}</arg>
</arguments>
<kw name="Wait Until Element Is Enabled" library="SeleniumLibrary">
<doc>Waits until element ``locator`` is enabled.</doc>
<arguments>
<arg>${locator}</arg>
</arguments>
<status status="PASS" starttime="20200311 09:39:40.855" endtime="20200311 09:39:40.899"></status>
</kw>
<status status="PASS" starttime="20200311 09:39:40.853" endtime="20200311 09:39:40.899"></status>
</kw>
<kw name="Wait Until Keyword Succeeds" library="BuiltIn">
<doc>Runs the specified keyword and retries if it fails.</doc>
<arguments>
<arg>12</arg>
<arg>100ms</arg>
<arg>Wait until element is visible</arg>
<arg>${locator}</arg>
</arguments>
<kw name="Wait Until Element Is Visible" library="SeleniumLibrary">
<doc>Waits until element ``locator`` is visible.</doc>
<arguments>
<arg>${locator}</arg>
</arguments>
<status status="PASS" starttime="20200311 09:39:40.901" endtime="20200311 09:39:40.925"></status>
</kw>
<status status="PASS" starttime="20200311 09:39:40.899" endtime="20200311 09:39:40.925"></status>
</kw>
<kw name="Wait Until Keyword Succeeds" library="BuiltIn">
<doc>Runs the specified keyword and retries if it fails.</doc>
<arguments>
<arg>20</arg>
<arg>300ms</arg>
<arg>click element</arg>
<arg>${locator}</arg>
</arguments>
<kw name="Click Element" library="SeleniumLibrary">
<doc>Click element identified by ``locator``.</doc>
<arguments>
<arg>${locator}</arg>
</arguments>
<msg timestamp="20200311 09:39:40.928" level="INFO">Clicking element 'id:button_accomplish'.</msg>
<status status="PASS" starttime="20200311 09:39:40.927" endtime="20200311 09:39:41.008"></status>
</kw>
<status status="PASS" starttime="20200311 09:39:40.925" endtime="20200311 09:39:41.008"></status>
</kw>
<status status="PASS" starttime="20200311 09:39:40.851" endtime="20200311 09:39:41.008"></status>
</kw>
<kw name="Sleep" library="BuiltIn">
<doc>Pauses the test executed for the given time.</doc>
<arguments>
<arg>2s</arg>
</arguments>
<msg timestamp="20200311 09:39:43.011" level="INFO">Slept 2 seconds</msg>
<status status="PASS" starttime="20200311 09:39:41.009" endtime="20200311 09:39:43.013"></status>
</kw>
<status status="PASS" starttime="20200311 09:39:40.848" endtime="20200311 09:39:43.014"></status>
</kw>
<status status="PASS" starttime="20200311 09:39:29.267" endtime="20200311 09:39:43.023"></status>
</kw>
<kw name="Then Add organization and customer success">
<kw name="Add customer success" library="Platform_CustomerPage">
<arguments>
<arg>客户@{list}[0]添加成功！</arg>
</arguments>
<kw name="Page Should Contain" library="SeleniumLibrary">
<doc>Verifies that current page contains ``text``.</doc>
<arguments>
<arg>${text}</arg>
<arg>${loglevel}</arg>
</arguments>
<msg timestamp="20200311 09:39:43.107" level="INFO">Current page contains text '客户kh002添加成功！'.</msg>
<status status="PASS" starttime="20200311 09:39:43.034" endtime="20200311 09:39:43.107"></status>
</kw>
<status status="PASS" starttime="20200311 09:39:43.030" endtime="20200311 09:39:43.107"></status>
</kw>
<kw name="Sleep" library="BuiltIn">
<doc>Pauses the test executed for the given time.</doc>
<arguments>
<arg>2s</arg>
</arguments>
<msg timestamp="20200311 09:39:45.110" level="INFO">Slept 2 seconds</msg>
<status status="PASS" starttime="20200311 09:39:43.110" endtime="20200311 09:39:45.111"></status>
</kw>
<kw name="Add organization success" library="Platform_OrganizationPage">
<arguments>
<arg>${org_name}</arg>
</arguments>
<kw name="Page Should Contain" library="SeleniumLibrary">
<doc>Verifies that current page contains ``text``.</doc>
<arguments>
<arg>${text}</arg>
<arg>${loglevel}</arg>
</arguments>
<msg timestamp="20200311 09:39:45.158" level="INFO">Current page contains text 'zd001'.</msg>
<status status="PASS" starttime="20200311 09:39:45.114" endtime="20200311 09:39:45.159"></status>
</kw>
<status status="PASS" starttime="20200311 09:39:45.112" endtime="20200311 09:39:45.159"></status>
</kw>
<kw name="Sleep" library="BuiltIn">
<doc>Pauses the test executed for the given time.</doc>
<arguments>
<arg>2s</arg>
</arguments>
<msg timestamp="20200311 09:39:47.160" level="INFO">Slept 2 seconds</msg>
<status status="PASS" starttime="20200311 09:39:45.159" endtime="20200311 09:39:47.162"></status>
</kw>
<kw name="Add customer success from organization" library="Platform_CustomerPage">
<arguments>
<arg>${org_name}</arg>
<arg>@{list}[0]</arg>
</arguments>
<kw name="Get into customer page" library="Platform_TopMenu">
<kw name="Click or use url" library="Platform_TopMenu">
<arguments>
<arg>customer</arg>
</arguments>
<kw name="Go To" library="SeleniumLibrary">
<doc>Navigates the active browser instance to the provided ``url``.</doc>
<arguments>
<arg>${WEB_PLATFORM_URL}/index.html#/${url_end}</arg>
</arguments>
<msg timestamp="20200311 09:39:47.179" level="INFO">Opening url 'http://demo.metering-cloud.com/test/index.html#/customer'</msg>
<status status="PASS" starttime="20200311 09:39:47.175" endtime="20200311 09:39:47.249"></status>
</kw>
<status status="PASS" starttime="20200311 09:39:47.173" endtime="20200311 09:39:47.249"></status>
</kw>
<status status="PASS" starttime="20200311 09:39:47.170" endtime="20200311 09:39:47.250"></status>
</kw>
<kw name="Sleep" library="BuiltIn">
<doc>Pauses the test executed for the given time.</doc>
<arguments>
<arg>2s</arg>
</arguments>
<msg timestamp="20200311 09:39:49.253" level="INFO">Slept 2 seconds</msg>
<status status="PASS" starttime="20200311 09:39:47.251" endtime="20200311 09:39:49.254"></status>
</kw>
<kw name="Select unGroup left tree button" library="Platform_Common">
<arguments>
<arg>${orgName}</arg>
</arguments>
<kw name="Click element when is enabled" library="WebShare">
<arguments>
<arg>//span[contains(text(),"${orgName}")]</arg>
</arguments>
<kw name="Wait Until Keyword Succeeds" library="BuiltIn">
<doc>Runs the specified keyword and retries if it fails.</doc>
<arguments>
<arg>12</arg>
<arg>100ms</arg>
<arg>Wait until element is enabled</arg>
<arg>${locator}</arg>
</arguments>
<kw name="Wait Until Element Is Enabled" library="SeleniumLibrary">
<doc>Waits until element ``locator`` is enabled.</doc>
<arguments>
<arg>${locator}</arg>
</arguments>
<status status="PASS" starttime="20200311 09:39:49.267" endtime="20200311 09:39:49.346"></status>
</kw>
<status status="PASS" starttime="20200311 09:39:49.264" endtime="20200311 09:39:49.346"></status>
</kw>
<kw name="Wait Until Keyword Succeeds" library="BuiltIn">
<doc>Runs the specified keyword and retries if it fails.</doc>
<arguments>
<arg>12</arg>
<arg>100ms</arg>
<arg>Wait until element is visible</arg>
<arg>${locator}</arg>
</arguments>
<kw name="Wait Until Element Is Visible" library="SeleniumLibrary">
<doc>Waits until element ``locator`` is visible.</doc>
<arguments>
<arg>${locator}</arg>
</arguments>
<status status="PASS" starttime="20200311 09:39:49.351" endtime="20200311 09:39:49.387"></status>
</kw>
<status status="PASS" starttime="20200311 09:39:49.350" endtime="20200311 09:39:49.387"></status>
</kw>
<kw name="Wait Until Keyword Succeeds" library="BuiltIn">
<doc>Runs the specified keyword and retries if it fails.</doc>
<arguments>
<arg>20</arg>
<arg>300ms</arg>
<arg>click element</arg>
<arg>${locator}</arg>
</arguments>
<kw name="Click Element" library="SeleniumLibrary">
<doc>Click element identified by ``locator``.</doc>
<arguments>
<arg>${locator}</arg>
</arguments>
<msg timestamp="20200311 09:39:49.390" level="INFO">Clicking element '//span[contains(text(),"zd001")]'.</msg>
<status status="PASS" starttime="20200311 09:39:49.389" endtime="20200311 09:39:49.581"></status>
</kw>
<status status="PASS" starttime="20200311 09:39:49.387" endtime="20200311 09:39:49.582"></status>
</kw>
<status status="PASS" starttime="20200311 09:39:49.260" endtime="20200311 09:39:49.582"></status>
</kw>
<status status="PASS" starttime="20200311 09:39:49.256" endtime="20200311 09:39:49.582"></status>
</kw>
<kw name="Add customer success" library="Platform_CustomerPage">
<arguments>
<arg>${text}</arg>
</arguments>
<kw name="Page Should Contain" library="SeleniumLibrary">
<doc>Verifies that current page contains ``text``.</doc>
<arguments>
<arg>${text}</arg>
<arg>${loglevel}</arg>
</arguments>
<msg timestamp="20200311 09:39:49.624" level="INFO">Current page contains text 'kh002'.</msg>
<status status="PASS" starttime="20200311 09:39:49.584" endtime="20200311 09:39:49.625"></status>
</kw>
<status status="PASS" starttime="20200311 09:39:49.583" endtime="20200311 09:39:49.625"></status>
</kw>
<kw name="Sleep" library="BuiltIn">
<doc>Pauses the test executed for the given time.</doc>
<arguments>
<arg>2s</arg>
</arguments>
<msg timestamp="20200311 09:39:51.627" level="INFO">Slept 2 seconds</msg>
<status status="PASS" starttime="20200311 09:39:49.626" endtime="20200311 09:39:51.628"></status>
</kw>
<status status="PASS" starttime="20200311 09:39:47.166" endtime="20200311 09:39:51.628"></status>
</kw>
<kw name="Get into organization page" library="Platform_TopMenu">
<kw name="Click or use url" library="Platform_TopMenu">
<arguments>
<arg>organization</arg>
</arguments>
<kw name="Go To" library="SeleniumLibrary">
<doc>Navigates the active browser instance to the provided ``url``.</doc>
<arguments>
<arg>${WEB_PLATFORM_URL}/index.html#/${url_end}</arg>
</arguments>
<msg timestamp="20200311 09:39:51.636" level="INFO">Opening url 'http://demo.metering-cloud.com/test/index.html#/organization'</msg>
<status status="PASS" starttime="20200311 09:39:51.634" endtime="20200311 09:39:52.052"></status>
</kw>
<status status="PASS" starttime="20200311 09:39:51.631" endtime="20200311 09:39:52.052"></status>
</kw>
<status status="PASS" starttime="20200311 09:39:51.629" endtime="20200311 09:39:52.052"></status>
</kw>
<status status="PASS" starttime="20200311 09:39:43.027" endtime="20200311 09:39:52.052"></status>
</kw>
<kw name="Deleted organization and customer" type="teardown">
<kw name="Select list one row" library="Platform_Common">
<arguments>
<arg>jqg_organizationGrid_0</arg>
</arguments>
<kw name="Click Element" library="SeleniumLibrary">
<doc>Click element identified by ``locator``.</doc>
<arguments>
<arg>//input[contains(@id,"${row_id}")]</arg>
</arguments>
<msg timestamp="20200311 09:39:52.055" level="INFO">Clicking element '//input[contains(@id,"jqg_organizationGrid_0")]'.</msg>
<status status="PASS" starttime="20200311 09:39:52.054" endtime="20200311 09:39:52.162"></status>
</kw>
<kw name="Sleep" library="BuiltIn">
<doc>Pauses the test executed for the given time.</doc>
<arguments>
<arg>2s</arg>
</arguments>
<msg timestamp="20200311 09:39:54.164" level="INFO">Slept 2 seconds</msg>
<status status="PASS" starttime="20200311 09:39:52.163" endtime="20200311 09:39:54.166"></status>
</kw>
<status status="PASS" starttime="20200311 09:39:52.054" endtime="20200311 09:39:54.166"></status>
</kw>
<kw name="Click bottom button deleted" library="Platform_OrganizationPage">
<kw name="Get bottom button" library="Platform_Common">
<arguments>
<arg>organizationPager_left</arg>
<arg>删除</arg>
</arguments>
<assign>
<var>${add_button_ele}</var>
</assign>
<msg timestamp="20200311 09:39:54.174" level="INFO">${add_button_ele} = //td[@id="organizationPager_left"]/table/tbody/tr/td[@title="删除"]</msg>
<status status="PASS" starttime="20200311 09:39:54.170" endtime="20200311 09:39:54.174"></status>
</kw>
<kw name="Click element when is enabled" library="WebShare">
<arguments>
<arg>${add_button_ele}</arg>
</arguments>
<kw name="Wait Until Keyword Succeeds" library="BuiltIn">
<doc>Runs the specified keyword and retries if it fails.</doc>
<arguments>
<arg>12</arg>
<arg>100ms</arg>
<arg>Wait until element is enabled</arg>
<arg>${locator}</arg>
</arguments>
<kw name="Wait Until Element Is Enabled" library="SeleniumLibrary">
<doc>Waits until element ``locator`` is enabled.</doc>
<arguments>
<arg>${locator}</arg>
</arguments>
<status status="PASS" starttime="20200311 09:39:54.183" endtime="20200311 09:39:54.280"></status>
</kw>
<status status="PASS" starttime="20200311 09:39:54.180" endtime="20200311 09:39:54.281"></status>
</kw>
<kw name="Wait Until Keyword Succeeds" library="BuiltIn">
<doc>Runs the specified keyword and retries if it fails.</doc>
<arguments>
<arg>12</arg>
<arg>100ms</arg>
<arg>Wait until element is visible</arg>
<arg>${locator}</arg>
</arguments>
<kw name="Wait Until Element Is Visible" library="SeleniumLibrary">
<doc>Waits until element ``locator`` is visible.</doc>
<arguments>
<arg>${locator}</arg>
</arguments>
<status status="PASS" starttime="20200311 09:39:54.283" endtime="20200311 09:39:54.334"></status>
</kw>
<status status="PASS" starttime="20200311 09:39:54.281" endtime="20200311 09:39:54.335"></status>
</kw>
<kw name="Wait Until Keyword Succeeds" library="BuiltIn">
<doc>Runs the specified keyword and retries if it fails.</doc>
<arguments>
<arg>20</arg>
<arg>300ms</arg>
<arg>click element</arg>
<arg>${locator}</arg>
</arguments>
<kw name="Click Element" library="SeleniumLibrary">
<doc>Click element identified by ``locator``.</doc>
<arguments>
<arg>${locator}</arg>
</arguments>
<msg timestamp="20200311 09:39:54.339" level="INFO">Clicking element '//td[@id="organizationPager_left"]/table/tbody/tr/td[@title="删除"]'.</msg>
<status status="PASS" starttime="20200311 09:39:54.338" endtime="20200311 09:39:54.450"></status>
</kw>
<status status="PASS" starttime="20200311 09:39:54.336" endtime="20200311 09:39:54.450"></status>
</kw>
<status status="PASS" starttime="20200311 09:39:54.176" endtime="20200311 09:39:54.450"></status>
</kw>
<kw name="Sleep" library="BuiltIn">
<doc>Pauses the test executed for the given time.</doc>
<arguments>
<arg>2s</arg>
</arguments>
<msg timestamp="20200311 09:39:56.455" level="INFO">Slept 2 seconds</msg>
<status status="PASS" starttime="20200311 09:39:54.455" endtime="20200311 09:39:56.456"></status>
</kw>
<status status="PASS" starttime="20200311 09:39:54.168" endtime="20200311 09:39:56.458"></status>
</kw>
<kw name="Set deletde reason" library="Platform_Common">
<arguments>
<arg>1</arg>
</arguments>
<kw name="Select From List By Index" library="SeleniumLibrary">
<doc>Selects options from selection list ``locator`` by ``indexes``.</doc>
<arguments>
<arg>${web_PLATFORM_CUSTOMER_DEMOSELECT}</arg>
<arg>${demoSelect}</arg>
</arguments>
<msg timestamp="20200311 09:39:56.468" level="INFO">Selecting options from selection list 'id:demoSelect' by index 1.</msg>
<status status="PASS" starttime="20200311 09:39:56.465" endtime="20200311 09:39:56.600"></status>
</kw>
<kw name="Sleep" library="BuiltIn">
<doc>Pauses the test executed for the given time.</doc>
<arguments>
<arg>2s</arg>
</arguments>
<msg timestamp="20200311 09:39:58.601" level="INFO">Slept 2 seconds</msg>
<status status="PASS" starttime="20200311 09:39:56.601" endtime="20200311 09:39:58.601"></status>
</kw>
<status status="PASS" starttime="20200311 09:39:56.459" endtime="20200311 09:39:58.602"></status>
</kw>
<kw name="Click delete confirm button" library="Platform_Common">
<kw name="Click element when is enabled" library="WebShare">
<arguments>
<arg>${web_PLATFORM_CUSTOMER_REMOVEBUTTONCONFIRM}</arg>
</arguments>
<kw name="Wait Until Keyword Succeeds" library="BuiltIn">
<doc>Runs the specified keyword and retries if it fails.</doc>
<arguments>
<arg>12</arg>
<arg>100ms</arg>
<arg>Wait until element is enabled</arg>
<arg>${locator}</arg>
</arguments>
<kw name="Wait Until Element Is Enabled" library="SeleniumLibrary">
<doc>Waits until element ``locator`` is enabled.</doc>
<arguments>
<arg>${locator}</arg>
</arguments>
<status status="PASS" starttime="20200311 09:39:58.608" endtime="20200311 09:39:58.644"></status>
</kw>
<status status="PASS" starttime="20200311 09:39:58.606" endtime="20200311 09:39:58.645"></status>
</kw>
<kw name="Wait Until Keyword Succeeds" library="BuiltIn">
<doc>Runs the specified keyword and retries if it fails.</doc>
<arguments>
<arg>12</arg>
<arg>100ms</arg>
<arg>Wait until element is visible</arg>
<arg>${locator}</arg>
</arguments>
<kw name="Wait Until Element Is Visible" library="SeleniumLibrary">
<doc>Waits until element ``locator`` is visible.</doc>
<arguments>
<arg>${locator}</arg>
</arguments>
<status status="PASS" starttime="20200311 09:39:58.649" endtime="20200311 09:39:58.671"></status>
</kw>
<status status="PASS" starttime="20200311 09:39:58.646" endtime="20200311 09:39:58.671"></status>
</kw>
<kw name="Wait Until Keyword Succeeds" library="BuiltIn">
<doc>Runs the specified keyword and retries if it fails.</doc>
<arguments>
<arg>20</arg>
<arg>300ms</arg>
<arg>click element</arg>
<arg>${locator}</arg>
</arguments>
<kw name="Click Element" library="SeleniumLibrary">
<doc>Click element identified by ``locator``.</doc>
<arguments>
<arg>${locator}</arg>
</arguments>
<msg timestamp="20200311 09:39:58.674" level="INFO">Clicking element 'id:remove_button_confirm'.</msg>
<status status="PASS" starttime="20200311 09:39:58.673" endtime="20200311 09:39:58.771"></status>
</kw>
<status status="PASS" starttime="20200311 09:39:58.672" endtime="20200311 09:39:58.771"></status>
</kw>
<status status="PASS" starttime="20200311 09:39:58.604" endtime="20200311 09:39:58.771"></status>
</kw>
<kw name="Sleep" library="BuiltIn">
<doc>Pauses the test executed for the given time.</doc>
<arguments>
<arg>2s</arg>
</arguments>
<msg timestamp="20200311 09:40:00.772" level="INFO">Slept 2 seconds</msg>
<status status="PASS" starttime="20200311 09:39:58.772" endtime="20200311 09:40:00.773"></status>
</kw>
<status status="PASS" starttime="20200311 09:39:58.602" endtime="20200311 09:40:00.775"></status>
</kw>
<kw name="Click next delete confirm button" library="Platform_OrganizationPage">
<kw name="Click element when is enabled" library="WebShare">
<arguments>
<arg>${web_PLATFORM_CUSTOMER_DELETEBUTTONCONFIRM}</arg>
</arguments>
<kw name="Wait Until Keyword Succeeds" library="BuiltIn">
<doc>Runs the specified keyword and retries if it fails.</doc>
<arguments>
<arg>12</arg>
<arg>100ms</arg>
<arg>Wait until element is enabled</arg>
<arg>${locator}</arg>
</arguments>
<kw name="Wait Until Element Is Enabled" library="SeleniumLibrary">
<doc>Waits until element ``locator`` is enabled.</doc>
<arguments>
<arg>${locator}</arg>
</arguments>
<status status="PASS" starttime="20200311 09:40:00.798" endtime="20200311 09:40:00.879"></status>
</kw>
<status status="PASS" starttime="20200311 09:40:00.784" endtime="20200311 09:40:00.879"></status>
</kw>
<kw name="Wait Until Keyword Succeeds" library="BuiltIn">
<doc>Runs the specified keyword and retries if it fails.</doc>
<arguments>
<arg>12</arg>
<arg>100ms</arg>
<arg>Wait until element is visible</arg>
<arg>${locator}</arg>
</arguments>
<kw name="Wait Until Element Is Visible" library="SeleniumLibrary">
<doc>Waits until element ``locator`` is visible.</doc>
<arguments>
<arg>${locator}</arg>
</arguments>
<status status="PASS" starttime="20200311 09:40:00.892" endtime="20200311 09:40:00.927"></status>
</kw>
<status status="PASS" starttime="20200311 09:40:00.880" endtime="20200311 09:40:00.927"></status>
</kw>
<kw name="Wait Until Keyword Succeeds" library="BuiltIn">
<doc>Runs the specified keyword and retries if it fails.</doc>
<arguments>
<arg>20</arg>
<arg>300ms</arg>
<arg>click element</arg>
<arg>${locator}</arg>
</arguments>
<kw name="Click Element" library="SeleniumLibrary">
<doc>Click element identified by ``locator``.</doc>
<arguments>
<arg>${locator}</arg>
</arguments>
<msg timestamp="20200311 09:40:00.930" level="INFO">Clicking element 'id:delete_button_confirm'.</msg>
<status status="PASS" starttime="20200311 09:40:00.929" endtime="20200311 09:40:01.011"></status>
</kw>
<status status="PASS" starttime="20200311 09:40:00.928" endtime="20200311 09:40:01.011"></status>
</kw>
<status status="PASS" starttime="20200311 09:40:00.780" endtime="20200311 09:40:01.012"></status>
</kw>
<kw name="Sleep" library="BuiltIn">
<doc>Pauses the test executed for the given time.</doc>
<arguments>
<arg>2s</arg>
</arguments>
<msg timestamp="20200311 09:40:03.015" level="INFO">Slept 2 seconds</msg>
<status status="PASS" starttime="20200311 09:40:01.013" endtime="20200311 09:40:03.015"></status>
</kw>
<status status="PASS" starttime="20200311 09:40:00.777" endtime="20200311 09:40:03.015"></status>
</kw>
<status status="PASS" starttime="20200311 09:39:52.053" endtime="20200311 09:40:03.016"></status>
</kw>
<status status="PASS" starttime="20200311 09:39:27.117" endtime="20200311 09:40:03.016" critical="yes"></status>
</test>
<kw name="Close Browser" library="SeleniumLibrary" type="teardown">
<doc>Closes the current browser.</doc>
<status status="PASS" starttime="20200311 09:40:03.020" endtime="20200311 09:40:06.823"></status>
</kw>
<status status="PASS" starttime="20200311 09:38:59.738" endtime="20200311 09:40:06.823"></status>
</suite>
<statistics>
<total>
<stat pass="1" fail="0">Critical Tests</stat>
<stat pass="1" fail="0">All Tests</stat>
</total>
<tag>
</tag>
<suite>
<stat pass="1" fail="0" id="s1" name="Organization Info">Organization Info</stat>
</suite>
</statistics>
<errors>
</errors>
</robot>
